<?xml version="1.0" encoding="utf-8"?>
<TestRun id="8ec5074e-163d-44c3-b531-319b029e4d80" name="vanidhi@VANIDHI-DESK 2020-01-09 15:54:25" runUser="FAREAST\vanidhi" xmlns="http://microsoft.com/schemas/VisualStudio/TeamTest/2010">
  <Times creation="2020-01-09T15:54:25.5918838+05:30" queuing="2020-01-09T15:54:25.5918838+05:30" start="2020-01-09T15:54:24.0338835+05:30" finish="2020-01-09T15:54:25.6238844+05:30" />
  <TestSettings name="default" id="a7150a96-d52b-4e54-a9f6-5e655ced2161">
    <Deployment runDeploymentRoot="vanidhi_VANIDHI-DESK_2020-01-09_15_54_25" />
  </TestSettings>
  <Results>
    <UnitTestResult executionId="e6c2717d-de79-48bf-91b9-c23c2926d037" testId="0c21a4f3-30fd-52a6-bdfa-bd5a74928236" testName="XUnitDataDrivenTestsProject.UnitTest1.Test1(data: 3)" computerName="VANIDHI-DESK" duration="00:00:00.0010000" startTime="2020-01-09T15:54:25.2148757+05:30" endTime="2020-01-09T15:54:25.2148757+05:30" testType="13cdc9d9-ddb5-4fa4-a97d-d965ccfc6d4b" outcome="Passed" testListId="8c84fa94-04c1-424b-9868-57a2d4851a1d" relativeResultsDirectory="e6c2717d-de79-48bf-91b9-c23c2926d037" />
    <UnitTestResult executionId="e98dbd02-2cef-42ad-84bb-d643bbf558b4" testId="64ba0c59-abec-adaf-8a47-4266e3c508b8" testName="XUnitDataDrivenTestsProject.UnitTest1.Test1(data: 1)" computerName="VANIDHI-DESK" duration="00:00:00.0560000" startTime="2020-01-09T15:54:25.2088738+05:30" endTime="2020-01-09T15:54:25.2088738+05:30" testType="13cdc9d9-ddb5-4fa4-a97d-d965ccfc6d4b" outcome="Passed" testListId="8c84fa94-04c1-424b-9868-57a2d4851a1d" relativeResultsDirectory="e98dbd02-2cef-42ad-84bb-d643bbf558b4" />
    <UnitTestResult executionId="c85cc93b-adba-4dce-b599-e91695e568c2" testId="316d79c5-4a4c-7f13-639b-c32f20377762" testName="XUnitDataDrivenTestsProject.UnitTest1.Test1(data: 2)" computerName="VANIDHI-DESK" duration="00:00:00.0010000" startTime="2020-01-09T15:54:25.2168959+05:30" endTime="2020-01-09T15:54:25.2168959+05:30" testType="13cdc9d9-ddb5-4fa4-a97d-d965ccfc6d4b" outcome="Passed" testListId="8c84fa94-04c1-424b-9868-57a2d4851a1d" relativeResultsDirectory="c85cc93b-adba-4dce-b599-e91695e568c2" />
  </Results>
  <TestDefinitions>
    <UnitTest name="XUnitDataDrivenTestsProject.UnitTest1.Test1(data: 1)" storage="e:\codebase\vanidhiagentvanidhiptr\_work\2\s\xunitdatadriventestsproject\bin\debug\net472\xunitdatadriventestsproject.dll" priority="0" id="64ba0c59-abec-adaf-8a47-4266e3c508b8">
      <Execution id="e98dbd02-2cef-42ad-84bb-d643bbf558b4" />
      <TestMethod codeBase="E:\CodeBase\vanidhiagentvanidhiptr\_work\2\s\XunitDataDrivenTestsProject\bin\Debug\net472\XUnitDataDrivenTestsProject.dll" adapterTypeName="executor://xunit/VsTestRunner2/net" className="XUnitDataDrivenTestsProject.UnitTest1" name="Test1" />
    </UnitTest>
    <UnitTest name="XUnitDataDrivenTestsProject.UnitTest1.Test1(data: 2)" storage="e:\codebase\vanidhiagentvanidhiptr\_work\2\s\xunitdatadriventestsproject\bin\debug\net472\xunitdatadriventestsproject.dll" priority="0" id="316d79c5-4a4c-7f13-639b-c32f20377762">
      <Execution id="c85cc93b-adba-4dce-b599-e91695e568c2" />
      <TestMethod codeBase="E:\CodeBase\vanidhiagentvanidhiptr\_work\2\s\XunitDataDrivenTestsProject\bin\Debug\net472\XUnitDataDrivenTestsProject.dll" adapterTypeName="executor://xunit/VsTestRunner2/net" className="XUnitDataDrivenTestsProject.UnitTest1" name="Test1" />
    </UnitTest>
    <UnitTest name="XUnitDataDrivenTestsProject.UnitTest1.Test1(data: 3)" storage="e:\codebase\vanidhiagentvanidhiptr\_work\2\s\xunitdatadriventestsproject\bin\debug\net472\xunitdatadriventestsproject.dll" priority="0" id="0c21a4f3-30fd-52a6-bdfa-bd5a74928236">
      <Execution id="e6c2717d-de79-48bf-91b9-c23c2926d037" />
      <TestMethod codeBase="E:\CodeBase\vanidhiagentvanidhiptr\_work\2\s\XunitDataDrivenTestsProject\bin\Debug\net472\XUnitDataDrivenTestsProject.dll" adapterTypeName="executor://xunit/VsTestRunner2/net" className="XUnitDataDrivenTestsProject.UnitTest1" name="Test1" />
    </UnitTest>
  </TestDefinitions>
  <TestEntries>
    <TestEntry testId="0c21a4f3-30fd-52a6-bdfa-bd5a74928236" executionId="e6c2717d-de79-48bf-91b9-c23c2926d037" testListId="8c84fa94-04c1-424b-9868-57a2d4851a1d" />
    <TestEntry testId="64ba0c59-abec-adaf-8a47-4266e3c508b8" executionId="e98dbd02-2cef-42ad-84bb-d643bbf558b4" testListId="8c84fa94-04c1-424b-9868-57a2d4851a1d" />
    <TestEntry testId="316d79c5-4a4c-7f13-639b-c32f20377762" executionId="c85cc93b-adba-4dce-b599-e91695e568c2" testListId="8c84fa94-04c1-424b-9868-57a2d4851a1d" />
  </TestEntries>
  <TestLists>
    <TestList name="Results Not in a List" id="8c84fa94-04c1-424b-9868-57a2d4851a1d" />
    <TestList name="All Loaded Results" id="19431567-8539-422a-85d7-44ee4e166bda" />
  </TestLists>
  <ResultSummary outcome="Completed">
    <Counters total="3" executed="3" passed="3" failed="0" error="0" timeout="0" aborted="0" inconclusive="0" passedButRunAborted="0" notRunnable="0" notExecuted="0" disconnected="0" warning="0" completed="0" inProgress="0" pending="0" />
    <Output>
      <StdOut>[xUnit.net 00:00:00.00] xUnit.net VSTest Adapter v2.4.0 (32-bit Desktop .NET 4.0.30319.42000)&#xD;
[xUnit.net 00:00:00.57]   Discovering: XUnitDataDrivenTestsProject&#xD;
[xUnit.net 00:00:00.73]   Discovered:  XUnitDataDrivenTestsProject&#xD;
[xUnit.net 00:00:00.73]   Starting:    XUnitDataDrivenTestsProject&#xD;
[xUnit.net 00:00:00.92]   Finished:    XUnitDataDrivenTestsProject&#xD;
</StdOut>
    </Output>
  </ResultSummary>
</TestRun>